2026-04-13T22:29:51.0669376Z,Updating submodules.,541b2ed1-d5f1-49f7-beeb-388c8f2566b8,0
2026-04-13T22:29:52.2158891Z,Preparing deployment for commit id '3785bff2-4'.,fe772c7e-cc53-4e3f-baa0-0e6b8b038faa,0
2026-04-13T22:29:52.6944510Z,PreDeployment: context.CleanOutputPath False,03e2ef9f-bbcb-42e5-8d63-d4c1858a5fbc,0
2026-04-13T22:29:52.8270219Z,PreDeployment: context.OutputPath /home/site/wwwroot,59f32aa0-f9b6-4dfe-bf8e-94b303e79041,0
2026-04-13T22:29:53.0136479Z,Generating deployment script.,1eca5aab-4de7-4fda-9217-12402910dd55,0
2026-04-13T22:29:53.2603462Z,Running deployment command...,a494f4b2-40e8-4b48-a61d-953b63ec0cb9,0
	2026-04-13T22:29:53.2728763Z,Command: /opt/Kudu/Scripts/parallel_rsync.sh /tmp/zipdeploy/extracted /home/site/wwwroot 8 /tmp/ False True  ,,0
	2026-04-13T22:29:54.3871582Z,Run rsync from: /tmp/zipdeploy/extracted/ to: /home/site/wwwroot/ in 8 parallel threads,,0
	2026-04-13T22:29:54.4913525Z,Delete options: clean=False&comma; use manifest=True&comma; directory to ignore=,,0
	2026-04-13T22:29:54.5394293Z,Prev manifest = /home/site/deployments/b76b522d-b38d-4440-95b8-5df76cd8eb41/manifest and next /home/site/deployments/3785bff2-4504-401d-a888-dd27771f4fe9/manifest,,0
	2026-04-13T22:29:54.5799549Z,Cleaning up /tmp//filelist.txt and /tmp//splits,,0
	2026-04-13T22:29:54.6832745Z,Creating a list of all files at /tmp//filelist.txt,,0
	2026-04-13T22:29:54.8765808Z,No directory to exclude.,,0
	2026-04-13T22:29:55.1391649Z,Created /tmp//filelist.txt. Total number of files to be synced = 15.,,0
	2026-04-13T22:29:55.4449630Z,Created batches from the list of files. Processing 2 files in each thread,,0
	2026-04-13T22:29:55.5952497Z,Running rsync for filelist /tmp//splits/split.aa from /tmp/zipdeploy/extracted/ to /home/site/wwwroot/,,0
	2026-04-13T22:29:55.6750473Z,Running rsync for filelist /tmp//splits/split.ab from /tmp/zipdeploy/extracted/ to /home/site/wwwroot/,,0
	2026-04-13T22:29:55.7657615Z,Running rsync for filelist /tmp//splits/split.ad from /tmp/zipdeploy/extracted/ to /home/site/wwwroot/,,0
	2026-04-13T22:29:55.8322210Z,Running rsync for filelist /tmp//splits/split.ac from /tmp/zipdeploy/extracted/ to /home/site/wwwroot/,,0
	2026-04-13T22:29:55.8804034Z,Running rsync for filelist /tmp//splits/split.ae from /tmp/zipdeploy/extracted/ to /home/site/wwwroot/,,0
	2026-04-13T22:29:56.0016571Z,Running rsync for filelist /tmp//splits/split.af from /tmp/zipdeploy/extracted/ to /home/site/wwwroot/,,0
	2026-04-13T22:29:56.1072665Z,Running rsync for filelist /tmp//splits/split.ag from /tmp/zipdeploy/extracted/ to /home/site/wwwroot/,,0
	2026-04-13T22:29:56.1433899Z,,,0
	2026-04-13T22:29:56.1722510Z,Number of files: 3 (reg: 2&comma; dir: 1),,0
	2026-04-13T22:29:56.2492732Z,Number of created files: 0,,0
	2026-04-13T22:29:56.3734015Z,Number of deleted files: 0,,0
	2026-04-13T22:29:56.4215279Z,Number of regular files transferred: 0,,0
	2026-04-13T22:29:56.4358233Z,Total file size: 682 bytes,,0
	2026-04-13T22:29:56.4474846Z,Total transferred file size: 0 bytes,,0
	2026-04-13T22:29:56.4554417Z,Literal data: 0 bytes,,0
	2026-04-13T22:29:56.4620636Z,Matched data: 0 bytes,,0
	2026-04-13T22:29:56.4684526Z,File list size: 0,,0
	2026-04-13T22:29:56.4749458Z,File list generation time: 0.123 seconds,,0
	2026-04-13T22:29:56.4816803Z,File list transfer time: 0.000 seconds,,0
	2026-04-13T22:29:56.4884810Z,Total bytes sent: 156,,0
	2026-04-13T22:29:56.5251210Z,Total bytes received: 25,,0
	2026-04-13T22:29:56.5429287Z,,,0
	2026-04-13T22:29:56.5639760Z,sent 156 bytes  received 25 bytes  362.00 bytes/sec,,0
	2026-04-13T22:29:56.5721720Z,total size is 682  speedup is 3.77,,0
	2026-04-13T22:29:56.5785854Z,,,0
	2026-04-13T22:29:56.5856641Z,Number of files: 4 (reg: 2&comma; dir: 2),,0
	2026-04-13T22:29:56.5920707Z,Number of created files: 0,,0
	2026-04-13T22:29:56.6037875Z,Number of deleted files: 0,,0
	2026-04-13T22:29:56.6591781Z,Number of regular files transferred: 0,,0
	2026-04-13T22:29:56.6732266Z,Total file size: 1.34K bytes,,0
	2026-04-13T22:29:56.6797489Z,Total transferred file size: 0 bytes,,0
	2026-04-13T22:29:56.6859622Z,Literal data: 0 bytes,,0
	2026-04-13T22:29:56.6927443Z,Matched data: 0 bytes,,0
	2026-04-13T22:29:56.7065832Z,File list size: 0,,0
	2026-04-13T22:29:56.7203771Z,File list generation time: 0.001 seconds,,0
	2026-04-13T22:29:56.7267893Z,File list transfer time: 0.000 seconds,,0
	2026-04-13T22:29:56.7336567Z,Total bytes sent: 213,,0
	2026-04-13T22:29:56.7403349Z,Total bytes received: 28,,0
	2026-04-13T22:29:56.7464082Z,,,0
	2026-04-13T22:29:56.7561826Z,sent 213 bytes  received 28 bytes  482.00 bytes/sec,,0
	2026-04-13T22:29:56.7743958Z,total size is 1.34K  speedup is 5.57,,0
	2026-04-13T22:29:56.7865741Z,Attempt 1: Rsync for filelist /tmp//splits/split.aa completed with exit code 0,,0
	2026-04-13T22:29:56.8403374Z,Attempt 1: Rsync for filelist /tmp//splits/split.ab completed with exit code 0,,0
	2026-04-13T22:29:56.8530365Z,Running rsync for filelist /tmp//splits/split.ah from /tmp/zipdeploy/extracted/ to /home/site/wwwroot/,,0
	2026-04-13T22:29:56.8669687Z,,,0
	2026-04-13T22:29:56.8760739Z,Number of files: 5 (reg: 2&comma; dir: 3),,0
	2026-04-13T22:29:56.8824115Z,Number of created files: 0,,0
	2026-04-13T22:29:56.8934407Z,Number of deleted files: 0,,0
	2026-04-13T22:29:56.9680531Z,Number of regular files transferred: 0,,0
	2026-04-13T22:29:57.0538228Z,Total file size: 1.26K bytes,,0
	2026-04-13T22:29:57.0610057Z,Total transferred file size: 0 bytes,,0
	2026-04-13T22:29:57.0682427Z,Literal data: 0 bytes,,0
	2026-04-13T22:29:57.0788284Z,Matched data: 0 bytes,,0
	2026-04-13T22:29:57.0862321Z,File list size: 0,,0
	2026-04-13T22:29:57.0930604Z,File list generation time: 0.001 seconds,,0
	2026-04-13T22:29:57.1074125Z,File list transfer time: 0.000 seconds,,0
	2026-04-13T22:29:57.1279214Z,Total bytes sent: 238,,0
	2026-04-13T22:29:57.1486137Z,Total bytes received: 31,,0
	2026-04-13T22:29:57.1565227Z,,,0
	2026-04-13T22:29:57.1651945Z,sent 238 bytes  received 31 bytes  538.00 bytes/sec,,0
	2026-04-13T22:29:57.1719643Z,total size is 1.26K  speedup is 4.69,,0
	2026-04-13T22:29:57.1789724Z,Attempt 1: Rsync for filelist /tmp//splits/split.ad completed with exit code 0,,0
	2026-04-13T22:29:57.1895988Z,,,0
	2026-04-13T22:29:57.1966928Z,Number of files: 5 (reg: 2&comma; dir: 3),,0
	2026-04-13T22:29:57.2176543Z,Number of created files: 0,,0
	2026-04-13T22:29:57.2551803Z,Number of deleted files: 0,,0
	2026-04-13T22:29:57.2685631Z,Number of regular files transferred: 0,,0
	2026-04-13T22:29:57.2882991Z,Total file size: 3.29K bytes,,0
	2026-04-13T22:29:57.3254691Z,Total transferred file size: 0 bytes,,0
	2026-04-13T22:29:57.3545485Z,Literal data: 0 bytes,,0
	2026-04-13T22:29:57.3694707Z,Matched data: 0 bytes,,0
	2026-04-13T22:29:57.3859304Z,File list size: 0,,0
	2026-04-13T22:29:57.4057255Z,File list generation time: 0.010 seconds,,0
	2026-04-13T22:29:57.4350580Z,File list transfer time: 0.000 seconds,,0
	2026-04-13T22:29:57.4663036Z,Total bytes sent: 244,,0
	2026-04-13T22:29:57.4971242Z,Total bytes received: 31,,0
	2026-04-13T22:29:57.5279494Z,,,0
	2026-04-13T22:29:57.5758217Z,sent 244 bytes  received 31 bytes  550.00 bytes/sec,,0
	2026-04-13T22:29:57.5901146Z,total size is 3.29K  speedup is 11.97,,0
	2026-04-13T22:29:57.6435369Z,,,0
	2026-04-13T22:29:57.6825919Z,Number of files: 4 (reg: 2&comma; dir: 2),,0
	2026-04-13T22:29:57.7116109Z,Number of created files: 0,,0
	2026-04-13T22:29:57.7674330Z,Number of deleted files: 0,,0
	2026-04-13T22:29:57.8444254Z,Number of regular files transferred: 0,,0
	2026-04-13T22:29:57.9292191Z,Total file size: 485 bytes,,0
	2026-04-13T22:29:57.9587256Z,Total transferred file size: 0 bytes,,0
	2026-04-13T22:29:57.9650575Z,Literal data: 0 bytes,,0
	2026-04-13T22:29:57.9714639Z,Matched data: 0 bytes,,0
	2026-04-13T22:29:57.9776178Z,File list size: 0,,0
	2026-04-13T22:29:57.9832923Z,File list generation time: 0.001 seconds,,0
	2026-04-13T22:29:57.9891971Z,File list transfer time: 0.000 seconds,,0
	2026-04-13T22:29:57.9953206Z,Total bytes sent: 185,,0
	2026-04-13T22:29:58.0092932Z,Total bytes received: 28,,0
	2026-04-13T22:29:58.0216167Z,,,0
	2026-04-13T22:29:58.0277571Z,sent 185 bytes  received 28 bytes  426.00 bytes/sec,,0
	2026-04-13T22:29:58.0342337Z,total size is 485  speedup is 2.28,,0
	2026-04-13T22:29:58.0402682Z,Attempt 1: Rsync for filelist /tmp//splits/split.ac completed with exit code 0,,0
	2026-04-13T22:29:58.0461794Z,,,0
	2026-04-13T22:29:58.0522163Z,Number of files: 4 (reg: 2&comma; dir: 2),,0
	2026-04-13T22:29:58.0575550Z,Number of created files: 0,,0
	2026-04-13T22:29:58.0750024Z,Number of deleted files: 0,,0
	2026-04-13T22:29:58.0825932Z,Number of regular files transferred: 0,,0
	2026-04-13T22:29:58.0892751Z,Total file size: 3.47K bytes,,0
	2026-04-13T22:29:58.0955973Z,Total transferred file size: 0 bytes,,0
	2026-04-13T22:29:58.1272801Z,Literal data: 0 bytes,,0
	2026-04-13T22:29:58.1415880Z,Matched data: 0 bytes,,0
	2026-04-13T22:29:58.1476237Z,File list size: 0,,0
	2026-04-13T22:29:58.1537118Z,File list generation time: 0.009 seconds,,0
	2026-04-13T22:29:58.1610722Z,File list transfer time: 0.000 seconds,,0
	2026-04-13T22:29:58.1687869Z,Total bytes sent: 191,,0
	2026-04-13T22:29:58.1743726Z,Total bytes received: 28,,0
	2026-04-13T22:29:58.1818478Z,,,0
	2026-04-13T22:29:58.1993609Z,sent 191 bytes  received 28 bytes  438.00 bytes/sec,,0
	2026-04-13T22:29:58.2499819Z,total size is 3.47K  speedup is 15.83,,0
	2026-04-13T22:29:58.2569532Z,Attempt 1: Rsync for filelist /tmp//splits/split.af completed with exit code 0,,0
	2026-04-13T22:29:58.2631913Z,Attempt 1: Rsync for filelist /tmp//splits/split.ae completed with exit code 0,,0
	2026-04-13T22:29:58.2704899Z,,,0
	2026-04-13T22:29:58.2764789Z,Number of files: 1 (reg: 1),,0
	2026-04-13T22:29:58.2831567Z,Number of created files: 0,,0
	2026-04-13T22:29:58.2894342Z,Number of deleted files: 0,,0
	2026-04-13T22:29:58.2963473Z,Number of regular files transferred: 0,,0
	2026-04-13T22:29:58.3208722Z,Total file size: 34 bytes,,0
	2026-04-13T22:29:58.3273901Z,Total transferred file size: 0 bytes,,0
	2026-04-13T22:29:58.3343230Z,Literal data: 0 bytes,,0
	2026-04-13T22:29:58.3400689Z,Matched data: 0 bytes,,0
	2026-04-13T22:29:58.3466261Z,File list size: 0,,0
	2026-04-13T22:29:58.3525279Z,File list generation time: 0.001 seconds,,0
	2026-04-13T22:29:58.3583039Z,File list transfer time: 0.000 seconds,,0
	2026-04-13T22:29:58.3653016Z,Total bytes sent: 115,,0
	2026-04-13T22:29:58.3715091Z,Total bytes received: 19,,0
	2026-04-13T22:29:58.3773978Z,,,0
	2026-04-13T22:29:58.3830263Z,sent 115 bytes  received 19 bytes  268.00 bytes/sec,,0
	2026-04-13T22:29:58.3887417Z,total size is 34  speedup is 0.25,,0
	2026-04-13T22:29:58.3953396Z,Attempt 1: Rsync for filelist /tmp//splits/split.ah completed with exit code 0,,0
	2026-04-13T22:29:58.4767105Z,,,0
	2026-04-13T22:29:58.5082405Z,Number of files: 3 (reg: 2&comma; dir: 1),,0
	2026-04-13T22:29:58.6164393Z,Number of created files: 0,,0
	2026-04-13T22:29:58.6966610Z,Number of deleted files: 0,,0
	2026-04-13T22:29:58.8075065Z,Number of regular files transferred: 2,,0
	2026-04-13T22:29:58.8431743Z,Total file size: 240 bytes,,0
	2026-04-13T22:29:58.9318219Z,Total transferred file size: 240 bytes,,0
	2026-04-13T22:29:58.9915048Z,Literal data: 240 bytes,,0
	2026-04-13T22:29:59.0431223Z,Matched data: 0 bytes,,0
	2026-04-13T22:29:59.1006896Z,File list size: 0,,0
	2026-04-13T22:29:59.1271999Z,File list generation time: 0.001 seconds,,0
	2026-04-13T22:29:59.1827275Z,File list transfer time: 0.000 seconds,,0
	2026-04-13T22:29:59.2127726Z,Total bytes sent: 449,,0
	2026-04-13T22:29:59.2757586Z,Total bytes received: 57,,0
	2026-04-13T22:29:59.3370611Z,,,0
	2026-04-13T22:29:59.3727605Z,sent 449 bytes  received 57 bytes  1.01K bytes/sec,,0
	2026-04-13T22:29:59.4614563Z,total size is 240  speedup is 0.47,,0
	2026-04-13T22:29:59.5460028Z,Attempt 1: Rsync for filelist /tmp//splits/split.ag completed with exit code 0,,0
	2026-04-13T22:29:59.5947418Z,Deleting files not present in /tmp/zipdeploy/extracted/ from /home/site/wwwroot/ based on manifest file /home/site/deployments/b76b522d-b38d-4440-95b8-5df76cd8eb41/manifest,,0
	2026-04-13T22:29:59.6593562Z,Number of files deleted: 0. See /tmp//rsync_deletion_logs.txt for more details.,,0
	2026-04-13T22:29:59.6809756Z,create new manifest file at /home/site/deployments/3785bff2-4504-401d-a888-dd27771f4fe9/manifest,,0
	2026-04-13T22:29:59.7267575Z,Completed successfully in 2 seconds,,0
2026-04-13T22:29:59.9473820Z,Running post deployment command(s)...,4b454278-762f-4db4-8d91-bdd5200e5d3c,0
2026-04-13T22:30:00.1171653Z,Triggering recycle (preview mode disabled).,c1d5b167-51af-4428-b0db-4570b03b0f07,0
2026-04-13T22:30:00.4486969Z,Deployment successful. deployer = Push-Deployer deploymentPath = ZipDeploy. Extract zip.,62cd5aa5-8696-4b6c-a8ee-d86faad5ee0f,0
